slurm submission log: 2024-05-20 16:55:07.987338
created following sbatch script: 

###############################

#!/bin/bash

#SBATCH --account=nlp
#SBATCH --cpus-per-task=16
#SBATCH --gres=gpu:1
#SBATCH --job-name=cychou-job-4689817
#SBATCH --mem=40G
#SBATCH --nodelist=jagupard36
#SBATCH --open-mode=append
#SBATCH --output=cychou-job-4689817.out
#SBATCH --partition=jag-standard
#SBATCH --time=14-0

# activate your desired anaconda environment


# cd to working directory
cd .

# launch commands
srun --unbuffered run_as_child_processes 'python marin/processing/download_gcs_data.py --output-dir /nlp/scr/cychou'

###############################

submission to slurm complete!

